2025-04-04 07:54:41.082212 - Received CBT.V508.FILE323.PDS from FILE323.XMI 
2025-04-04 07:54:41.083089 - Found $$$#DATE.txt (text/plain) in CBT.V508.FILE323.PDS, moved to PDS/$$$#DATE
2025-04-04 07:54:41.083237 - Found $$$ABOUT.txt (text/plain) in CBT.V508.FILE323.PDS, moved to PDS/$$$ABOUT
2025-04-04 07:54:41.083872 - Found $$$DESCR.txt (text/plain) in CBT.V508.FILE323.PDS, moved to PDS/$$$DESCR
2025-04-04 07:54:41.084000 - Found $$$INDEX.txt (text/plain) in CBT.V508.FILE323.PDS, moved to PDS/$$$INDEX
2025-04-04 07:54:41.084129 - Found $$$SYNTX.txt (text/plain) in CBT.V508.FILE323.PDS, moved to PDS/$$$SYNTX
2025-04-04 07:54:41.084254 - Found $RECEIVE.jcl (text/plain) in CBT.V508.FILE323.PDS, moved to PDS/$RECEIVE
2025-04-04 07:54:41.084376 - Found @FILE323.txt (text/plain) in CBT.V508.FILE323.PDS, moved to PDS/@FILE323
2025-04-04 07:54:41.084561 - Found LOAD.xmi (application/xmit) in CBT.V508.FILE323.PDS, moved to PDS/LOAD.xmi
2025-04-04 07:54:41.178075 - Received TZNICO.REXXFP.LOAD from LOAD.xmi 
2025-04-04 07:54:41.179467 - Found BRANCH.bin (application/octet-stream) in TZNICO.REXXFP.LOAD, moved to LOAD/BRANCH
2025-04-04 07:54:41.179614 - Found B2C.bin (application/octet-stream) in TZNICO.REXXFP.LOAD, moved to LOAD/B2C
2025-04-04 07:54:41.179746 - Found CLS.bin (application/octet-stream) in TZNICO.REXXFP.LOAD, moved to LOAD/CLS
2025-04-04 07:54:41.179877 - Found COMPUM.bin (application/octet-stream) in TZNICO.REXXFP.LOAD, moved to LOAD/COMPUM
2025-04-04 07:54:41.179998 - Found CONCAT.bin (application/octet-stream) in TZNICO.REXXFP.LOAD, moved to LOAD/CONCAT
2025-04-04 07:54:41.180121 - Found C2B.bin (application/octet-stream) in TZNICO.REXXFP.LOAD, moved to LOAD/C2B
2025-04-04 07:54:41.180254 - Found DEFAULT.bin (application/octet-stream) in TZNICO.REXXFP.LOAD, moved to LOAD/DEFAULT
2025-04-04 07:54:41.180412 - Found ENQLIST.bin (application/octet-stream) in TZNICO.REXXFP.LOAD, moved to LOAD/ENQLIST
2025-04-04 07:54:41.180529 - Found FILTER.bin (application/octet-stream) in TZNICO.REXXFP.LOAD, moved to LOAD/FILTER
2025-04-04 07:54:41.180654 - Found FINDCHAR.bin (application/octet-stream) in TZNICO.REXXFP.LOAD, moved to LOAD/FINDCHAR
2025-04-04 07:54:41.180788 - Found FMEMBER.bin (application/octet-stream) in TZNICO.REXXFP.LOAD, moved to LOAD/FMEMBER
2025-04-04 07:54:41.180900 - Found GDG.bin (application/octet-stream) in TZNICO.REXXFP.LOAD, moved to LOAD/GDG
2025-04-04 07:54:41.181022 - Found GJNCNCAT.bin (application/octet-stream) in TZNICO.REXXFP.LOAD, moved to LOAD/GJNCNCAT
2025-04-04 07:54:41.181143 - Found GJNDYN00.bin (application/octet-stream) in TZNICO.REXXFP.LOAD, moved to LOAD/GJNDYN00
2025-04-04 07:54:41.181286 - Found GJNFLTER.bin (application/octet-stream) in TZNICO.REXXFP.LOAD, moved to LOAD/GJNFLTER
2025-04-04 07:54:41.181423 - Found GJNGETJF.bin (application/octet-stream) in TZNICO.REXXFP.LOAD, moved to LOAD/GJNGETJF
2025-04-04 07:54:41.181552 - Found GJNMODSC.bin (application/octet-stream) in TZNICO.REXXFP.LOAD, moved to LOAD/GJNMODSC
2025-04-04 07:54:41.181680 - Found GJNREGDS.bin (application/octet-stream) in TZNICO.REXXFP.LOAD, moved to LOAD/GJNREGDS
2025-04-04 07:54:41.181803 - Found GJNTABLE.bin (application/octet-stream) in TZNICO.REXXFP.LOAD, moved to LOAD/GJNTABLE
2025-04-04 07:54:41.181921 - Found GJNWRITE.bin (application/octet-stream) in TZNICO.REXXFP.LOAD, moved to LOAD/GJNWRITE
2025-04-04 07:54:41.182075 - Found GRG2TOD.bin (application/octet-stream) in TZNICO.REXXFP.LOAD, moved to LOAD/GRG2TOD
2025-04-04 07:54:41.182193 - Found HEXADD.bin (application/octet-stream) in TZNICO.REXXFP.LOAD, moved to LOAD/HEXADD
2025-04-04 07:54:41.182310 - Found IPLDATE.bin (application/octet-stream) in TZNICO.REXXFP.LOAD, moved to LOAD/IPLDATE
2025-04-04 07:54:41.182434 - Found LEAPYEAR.bin (application/octet-stream) in TZNICO.REXXFP.LOAD, moved to LOAD/LEAPYEAR
2025-04-04 07:54:41.182573 - Found LISTDD.bin (application/octet-stream) in TZNICO.REXXFP.LOAD, moved to LOAD/LISTDD
2025-04-04 07:54:41.182720 - Found LISTJF.bin (application/octet-stream) in TZNICO.REXXFP.LOAD, moved to LOAD/LISTJF
2025-04-04 07:54:41.182869 - Found LISTLINK.bin (application/octet-stream) in TZNICO.REXXFP.LOAD, moved to LOAD/LISTLINK
2025-04-04 07:54:41.182982 - Found MALLOC.bin (application/octet-stream) in TZNICO.REXXFP.LOAD, moved to LOAD/MALLOC
2025-04-04 07:54:41.183101 - Found MEMBERS.bin (application/octet-stream) in TZNICO.REXXFP.LOAD, moved to LOAD/MEMBERS
2025-04-04 07:54:41.183222 - Found MFREE.bin (application/octet-stream) in TZNICO.REXXFP.LOAD, moved to LOAD/MFREE
2025-04-04 07:54:41.183333 - Found MLWTO.bin (application/octet-stream) in TZNICO.REXXFP.LOAD, moved to LOAD/MLWTO
2025-04-04 07:54:41.183454 - Found MODLOAD.bin (application/octet-stream) in TZNICO.REXXFP.LOAD, moved to LOAD/MODLOAD
2025-04-04 07:54:41.183579 - Found PERCENT.bin (application/octet-stream) in TZNICO.REXXFP.LOAD, moved to LOAD/PERCENT
2025-04-04 07:54:41.183698 - Found P2D.bin (application/octet-stream) in TZNICO.REXXFP.LOAD, moved to LOAD/P2D
2025-04-04 07:54:41.183853 - Found RACHECK.bin (application/octet-stream) in TZNICO.REXXFP.LOAD, moved to LOAD/RACHECK
2025-04-04 07:54:41.183978 - Found RESOLVE.bin (application/octet-stream) in TZNICO.REXXFP.LOAD, moved to LOAD/RESOLVE
2025-04-04 07:54:41.184101 - Found REXXFP.bin (application/octet-stream) in TZNICO.REXXFP.LOAD, moved to LOAD/REXXFP
2025-04-04 07:54:41.184216 - Found REXXFP10.bin (application/octet-stream) in TZNICO.REXXFP.LOAD, moved to LOAD/REXXFP10
2025-04-04 07:54:41.184359 - Found REXXHC.bin (application/octet-stream) in TZNICO.REXXFP.LOAD, moved to LOAD/REXXHC
2025-04-04 07:54:41.184497 - Found SAYSTAK.bin (application/octet-stream) in TZNICO.REXXFP.LOAD, moved to LOAD/SAYSTAK
2025-04-04 07:54:41.184642 - Found SCANLOAD.bin (application/octet-stream) in TZNICO.REXXFP.LOAD, moved to LOAD/SCANLOAD
2025-04-04 07:54:41.184771 - Found SIZEOF.bin (application/octet-stream) in TZNICO.REXXFP.LOAD, moved to LOAD/SIZEOF
2025-04-04 07:54:41.184909 - Found SLEEP.bin (application/octet-stream) in TZNICO.REXXFP.LOAD, moved to LOAD/SLEEP
2025-04-04 07:54:41.185040 - Found SNAP.bin (application/octet-stream) in TZNICO.REXXFP.LOAD, moved to LOAD/SNAP
2025-04-04 07:54:41.185164 - Found SNAP0000.bin (application/octet-stream) in TZNICO.REXXFP.LOAD, moved to LOAD/SNAP0000
2025-04-04 07:54:41.185299 - Found SNAP0001.bin (application/octet-stream) in TZNICO.REXXFP.LOAD, moved to LOAD/SNAP0001
2025-04-04 07:54:41.185442 - Found SNAP0002.bin (application/octet-stream) in TZNICO.REXXFP.LOAD, moved to LOAD/SNAP0002
2025-04-04 07:54:41.185569 - Found SNAP0003.bin (application/octet-stream) in TZNICO.REXXFP.LOAD, moved to LOAD/SNAP0003
2025-04-04 07:54:41.185711 - Found SNAP0004.bin (application/octet-stream) in TZNICO.REXXFP.LOAD, moved to LOAD/SNAP0004
2025-04-04 07:54:41.185853 - Found SORTSTAK.bin (application/octet-stream) in TZNICO.REXXFP.LOAD, moved to LOAD/SORTSTAK
2025-04-04 07:54:41.185995 - Found SORTSTK0.bin (application/octet-stream) in TZNICO.REXXFP.LOAD, moved to LOAD/SORTSTK0
2025-04-04 07:54:41.186122 - Found SORTSTK1.bin (application/octet-stream) in TZNICO.REXXFP.LOAD, moved to LOAD/SORTSTK1
2025-04-04 07:54:41.186257 - Found SORTSTK2.bin (application/octet-stream) in TZNICO.REXXFP.LOAD, moved to LOAD/SORTSTK2
2025-04-04 07:54:41.186390 - Found SPRINT.bin (application/octet-stream) in TZNICO.REXXFP.LOAD, moved to LOAD/SPRINT
2025-04-04 07:54:41.186504 - Found TASKS.bin (application/octet-stream) in TZNICO.REXXFP.LOAD, moved to LOAD/TASKS
2025-04-04 07:54:41.186641 - Found TM.bin (application/octet-stream) in TZNICO.REXXFP.LOAD, moved to LOAD/TM
2025-04-04 07:54:41.186780 - Found TOD.bin (application/octet-stream) in TZNICO.REXXFP.LOAD, moved to LOAD/TOD
2025-04-04 07:54:41.186915 - Found TODDAY.bin (application/octet-stream) in TZNICO.REXXFP.LOAD, moved to LOAD/TODDAY
2025-04-04 07:54:41.187032 - Found TODDIF.bin (application/octet-stream) in TZNICO.REXXFP.LOAD, moved to LOAD/TODDIF
2025-04-04 07:54:41.187184 - Found TODOFF.bin (application/octet-stream) in TZNICO.REXXFP.LOAD, moved to LOAD/TODOFF
2025-04-04 07:54:41.187321 - Found TOD2GRG.bin (application/octet-stream) in TZNICO.REXXFP.LOAD, moved to LOAD/TOD2GRG
2025-04-04 07:54:41.187443 - Found UNITS.bin (application/octet-stream) in TZNICO.REXXFP.LOAD, moved to LOAD/UNITS
2025-04-04 07:54:41.187566 - Found UNZIP.bin (application/octet-stream) in TZNICO.REXXFP.LOAD, moved to LOAD/UNZIP
2025-04-04 07:54:41.187714 - Found VERLIST.bin (application/octet-stream) in TZNICO.REXXFP.LOAD, moved to LOAD/VERLIST
2025-04-04 07:54:41.187856 - Found WHOAMI.bin (application/octet-stream) in TZNICO.REXXFP.LOAD, moved to LOAD/WHOAMI
2025-04-04 07:54:41.187983 - Found XLATEUM.bin (application/octet-stream) in TZNICO.REXXFP.LOAD, moved to LOAD/XLATEUM
2025-04-04 07:54:41.188116 - Found ZIP.bin (application/octet-stream) in TZNICO.REXXFP.LOAD, moved to LOAD/ZIP
2025-04-04 07:54:41.190533 - Found MACLIB.xmi (application/xmit) in CBT.V508.FILE323.PDS, moved to PDS/MACLIB.xmi
2025-04-04 07:54:41.301578 - Received TZNICO.REXXFP.MACLIB from MACLIB.xmi 
2025-04-04 07:54:41.302212 - Found $CONVERT.txt (text/plain) in TZNICO.REXXFP.MACLIB, moved to MACLIB/$CONVERT
2025-04-04 07:54:41.302371 - Found $DEFL.txt (text/plain) in TZNICO.REXXFP.MACLIB, moved to MACLIB/$DEFL
2025-04-04 07:54:41.302511 - Found $FINDCHR.txt (text/plain) in TZNICO.REXXFP.MACLIB, moved to MACLIB/$FINDCHR
2025-04-04 07:54:41.302657 - Found $GETMASK.txt (text/plain) in TZNICO.REXXFP.MACLIB, moved to MACLIB/$GETMASK
2025-04-04 07:54:41.302792 - Found $GJNLINK.txt (text/plain) in TZNICO.REXXFP.MACLIB, moved to MACLIB/$GJNLINK
2025-04-04 07:54:41.302917 - Found $LOAD.txt (text/plain) in TZNICO.REXXFP.MACLIB, moved to MACLIB/$LOAD
2025-04-04 07:54:41.303047 - Found $PERF.txt (text/plain) in TZNICO.REXXFP.MACLIB, moved to MACLIB/$PERF
2025-04-04 07:54:41.303183 - Found $REGDISP.txt (text/plain) in TZNICO.REXXFP.MACLIB, moved to MACLIB/$REGDISP
2025-04-04 07:54:41.303305 - Found $REXX.txt (text/plain) in TZNICO.REXXFP.MACLIB, moved to MACLIB/$REXX
2025-04-04 07:54:41.303425 - Found $RPT.txt (text/plain) in TZNICO.REXXFP.MACLIB, moved to MACLIB/$RPT
2025-04-04 07:54:41.303539 - Found $VERIFY.txt (text/plain) in TZNICO.REXXFP.MACLIB, moved to MACLIB/$VERIFY
2025-04-04 07:54:41.304142 - Found SAMPLIB.xmi (application/xmit) in CBT.V508.FILE323.PDS, moved to PDS/SAMPLIB.xmi
2025-04-04 07:54:41.661740 - Received TZNICO.REXXFP.SAMPLIB from SAMPLIB.xmi 
2025-04-04 07:54:41.662841 - Found $$$ABOUT.txt (text/plain) in TZNICO.REXXFP.SAMPLIB, moved to SAMPLIB/$$$ABOUT
2025-04-04 07:54:41.662990 - Found $$$DESCR.txt (text/plain) in TZNICO.REXXFP.SAMPLIB, moved to SAMPLIB/$$$DESCR
2025-04-04 07:54:41.663126 - Found $$$INDEX.txt (text/plain) in TZNICO.REXXFP.SAMPLIB, moved to SAMPLIB/$$$INDEX
2025-04-04 07:54:41.663262 - Found $$$SYNTX.txt (text/plain) in TZNICO.REXXFP.SAMPLIB, moved to SAMPLIB/$$$SYNTX
2025-04-04 07:54:41.663387 - Found ASSEMBLE.jcl (text/plain) in TZNICO.REXXFP.SAMPLIB, moved to SAMPLIB/ASSEMBLE
2025-04-04 07:54:41.663514 - Found RXFP1000.rexx (text/plain) in TZNICO.REXXFP.SAMPLIB, moved to SAMPLIB/RXFP1000
2025-04-04 07:54:41.663638 - Found RXFP1001.rexx (text/plain) in TZNICO.REXXFP.SAMPLIB, moved to SAMPLIB/RXFP1001
2025-04-04 07:54:41.663774 - Found RXFP1002.rexx (text/plain) in TZNICO.REXXFP.SAMPLIB, moved to SAMPLIB/RXFP1002
2025-04-04 07:54:41.663919 - Found RXFP1003.rexx (text/plain) in TZNICO.REXXFP.SAMPLIB, moved to SAMPLIB/RXFP1003
2025-04-04 07:54:41.664062 - Found RXFP1004.rexx (text/plain) in TZNICO.REXXFP.SAMPLIB, moved to SAMPLIB/RXFP1004
2025-04-04 07:54:41.664206 - Found RXFP1005.rexx (text/plain) in TZNICO.REXXFP.SAMPLIB, moved to SAMPLIB/RXFP1005
2025-04-04 07:54:41.664357 - Found RXFP1006.rexx (text/plain) in TZNICO.REXXFP.SAMPLIB, moved to SAMPLIB/RXFP1006
2025-04-04 07:54:41.664484 - Found RXFP1007.rexx (text/plain) in TZNICO.REXXFP.SAMPLIB, moved to SAMPLIB/RXFP1007
2025-04-04 07:54:41.664627 - Found RXFP1008.rexx (text/plain) in TZNICO.REXXFP.SAMPLIB, moved to SAMPLIB/RXFP1008
2025-04-04 07:54:41.664781 - Found RXFP1009.rexx (text/plain) in TZNICO.REXXFP.SAMPLIB, moved to SAMPLIB/RXFP1009
2025-04-04 07:54:41.664942 - Found RXFP1010.rexx (text/plain) in TZNICO.REXXFP.SAMPLIB, moved to SAMPLIB/RXFP1010
2025-04-04 07:54:41.665081 - Found RXFP1011.rexx (text/plain) in TZNICO.REXXFP.SAMPLIB, moved to SAMPLIB/RXFP1011
2025-04-04 07:54:41.665221 - Found RXFP1012.rexx (text/plain) in TZNICO.REXXFP.SAMPLIB, moved to SAMPLIB/RXFP1012
2025-04-04 07:54:41.665366 - Found RXFP1013.rexx (text/plain) in TZNICO.REXXFP.SAMPLIB, moved to SAMPLIB/RXFP1013
2025-04-04 07:54:41.665511 - Found RXFP1014.rexx (text/plain) in TZNICO.REXXFP.SAMPLIB, moved to SAMPLIB/RXFP1014
2025-04-04 07:54:41.665660 - Found RXFP1015.rexx (text/plain) in TZNICO.REXXFP.SAMPLIB, moved to SAMPLIB/RXFP1015
2025-04-04 07:54:41.665817 - Found RXFP1016.rexx (text/plain) in TZNICO.REXXFP.SAMPLIB, moved to SAMPLIB/RXFP1016
2025-04-04 07:54:41.665963 - Found RXFP1017.rexx (text/plain) in TZNICO.REXXFP.SAMPLIB, moved to SAMPLIB/RXFP1017
2025-04-04 07:54:41.666101 - Found RXFP1018.rexx (text/plain) in TZNICO.REXXFP.SAMPLIB, moved to SAMPLIB/RXFP1018
2025-04-04 07:54:41.666238 - Found RXFP1019.rexx (text/plain) in TZNICO.REXXFP.SAMPLIB, moved to SAMPLIB/RXFP1019
2025-04-04 07:54:41.666395 - Found RXFP1020.rexx (text/plain) in TZNICO.REXXFP.SAMPLIB, moved to SAMPLIB/RXFP1020
2025-04-04 07:54:41.666543 - Found RXFP1021.rexx (text/plain) in TZNICO.REXXFP.SAMPLIB, moved to SAMPLIB/RXFP1021
2025-04-04 07:54:41.666675 - Found RXFP1022.rexx (text/plain) in TZNICO.REXXFP.SAMPLIB, moved to SAMPLIB/RXFP1022
2025-04-04 07:54:41.666813 - Found RXFP1023.rexx (text/plain) in TZNICO.REXXFP.SAMPLIB, moved to SAMPLIB/RXFP1023
2025-04-04 07:54:41.666958 - Found RXFP1024.rexx (text/plain) in TZNICO.REXXFP.SAMPLIB, moved to SAMPLIB/RXFP1024
2025-04-04 07:54:41.667091 - Found RXFP1025.rexx (text/plain) in TZNICO.REXXFP.SAMPLIB, moved to SAMPLIB/RXFP1025
2025-04-04 07:54:41.667231 - Found RXFP1027.rexx (text/plain) in TZNICO.REXXFP.SAMPLIB, moved to SAMPLIB/RXFP1027
2025-04-04 07:54:41.667538 - Found RXFP1028.rexx (text/plain) in TZNICO.REXXFP.SAMPLIB, moved to SAMPLIB/RXFP1028
2025-04-04 07:54:41.667656 - Found RXFP1029.rexx (text/plain) in TZNICO.REXXFP.SAMPLIB, moved to SAMPLIB/RXFP1029
2025-04-04 07:54:41.667775 - Found RXFP1030.rexx (text/plain) in TZNICO.REXXFP.SAMPLIB, moved to SAMPLIB/RXFP1030
2025-04-04 07:54:41.667893 - Found RXFP1031.rexx (text/plain) in TZNICO.REXXFP.SAMPLIB, moved to SAMPLIB/RXFP1031
2025-04-04 07:54:41.668027 - Found RXFP1032.rexx (text/plain) in TZNICO.REXXFP.SAMPLIB, moved to SAMPLIB/RXFP1032
2025-04-04 07:54:41.668164 - Found RXFP1033.rexx (text/plain) in TZNICO.REXXFP.SAMPLIB, moved to SAMPLIB/RXFP1033
2025-04-04 07:54:41.668289 - Found RXFP1034.rexx (text/plain) in TZNICO.REXXFP.SAMPLIB, moved to SAMPLIB/RXFP1034
2025-04-04 07:54:41.668405 - Found RXFP1035.rexx (text/plain) in TZNICO.REXXFP.SAMPLIB, moved to SAMPLIB/RXFP1035
2025-04-04 07:54:41.668527 - Found RXFP1036.rexx (text/plain) in TZNICO.REXXFP.SAMPLIB, moved to SAMPLIB/RXFP1036
2025-04-04 07:54:41.668650 - Found RXFP1037.rexx (text/plain) in TZNICO.REXXFP.SAMPLIB, moved to SAMPLIB/RXFP1037
2025-04-04 07:54:41.668771 - Found RXFP1038.rexx (text/plain) in TZNICO.REXXFP.SAMPLIB, moved to SAMPLIB/RXFP1038
2025-04-04 07:54:41.671032 - Found SRCLIB.xmi (application/xmit) in CBT.V508.FILE323.PDS, moved to PDS/SRCLIB.xmi
2025-04-04 07:54:42.335824 - Received TZNICO.REXXFP.SRCLIB from SRCLIB.xmi 
2025-04-04 07:54:42.337316 - Found ACF2WHO.txt (text/plain) in TZNICO.REXXFP.SRCLIB, moved to SRCLIB/ACF2WHO
2025-04-04 07:54:42.337478 - Found BRANCH.txt (text/plain) in TZNICO.REXXFP.SRCLIB, moved to SRCLIB/BRANCH
2025-04-04 07:54:42.337621 - Found B2C.txt (text/plain) in TZNICO.REXXFP.SRCLIB, moved to SRCLIB/B2C
2025-04-04 07:54:42.337750 - Found CLS.txt (text/plain) in TZNICO.REXXFP.SRCLIB, moved to SRCLIB/CLS
2025-04-04 07:54:42.337875 - Found COMPUM.txt (text/plain) in TZNICO.REXXFP.SRCLIB, moved to SRCLIB/COMPUM
2025-04-04 07:54:42.337999 - Found CONCAT.txt (text/plain) in TZNICO.REXXFP.SRCLIB, moved to SRCLIB/CONCAT
2025-04-04 07:54:42.338123 - Found C2B.txt (text/plain) in TZNICO.REXXFP.SRCLIB, moved to SRCLIB/C2B
2025-04-04 07:54:42.338251 - Found DEFAULT.txt (text/plain) in TZNICO.REXXFP.SRCLIB, moved to SRCLIB/DEFAULT
2025-04-04 07:54:42.338375 - Found ENQLIST.txt (text/plain) in TZNICO.REXXFP.SRCLIB, moved to SRCLIB/ENQLIST
2025-04-04 07:54:42.338496 - Found FILTER.txt (text/plain) in TZNICO.REXXFP.SRCLIB, moved to SRCLIB/FILTER
2025-04-04 07:54:42.338625 - Found FINDCHAR.txt (text/plain) in TZNICO.REXXFP.SRCLIB, moved to SRCLIB/FINDCHAR
2025-04-04 07:54:42.338752 - Found FMEMBER.txt (text/plain) in TZNICO.REXXFP.SRCLIB, moved to SRCLIB/FMEMBER
2025-04-04 07:54:42.338875 - Found GDG.txt (text/plain) in TZNICO.REXXFP.SRCLIB, moved to SRCLIB/GDG
2025-04-04 07:54:42.339000 - Found GJNCNCAT.txt (text/plain) in TZNICO.REXXFP.SRCLIB, moved to SRCLIB/GJNCNCAT
2025-04-04 07:54:42.339131 - Found GJNDYN00.txt (text/plain) in TZNICO.REXXFP.SRCLIB, moved to SRCLIB/GJNDYN00
2025-04-04 07:54:42.339256 - Found GJNFLTER.txt (text/plain) in TZNICO.REXXFP.SRCLIB, moved to SRCLIB/GJNFLTER
2025-04-04 07:54:42.339379 - Found GJNGETJF.txt (text/plain) in TZNICO.REXXFP.SRCLIB, moved to SRCLIB/GJNGETJF
2025-04-04 07:54:42.339514 - Found GJNMODSC.txt (text/plain) in TZNICO.REXXFP.SRCLIB, moved to SRCLIB/GJNMODSC
2025-04-04 07:54:42.339659 - Found GJNREGDS.txt (text/plain) in TZNICO.REXXFP.SRCLIB, moved to SRCLIB/GJNREGDS
2025-04-04 07:54:42.339789 - Found GJNTABLE.txt (text/plain) in TZNICO.REXXFP.SRCLIB, moved to SRCLIB/GJNTABLE
2025-04-04 07:54:42.339916 - Found GJNWRITE.txt (text/plain) in TZNICO.REXXFP.SRCLIB, moved to SRCLIB/GJNWRITE
2025-04-04 07:54:42.340036 - Found GRG2TOD.txt (text/plain) in TZNICO.REXXFP.SRCLIB, moved to SRCLIB/GRG2TOD
2025-04-04 07:54:42.340152 - Found HEXADD.txt (text/plain) in TZNICO.REXXFP.SRCLIB, moved to SRCLIB/HEXADD
2025-04-04 07:54:42.340272 - Found IPLDATE.txt (text/plain) in TZNICO.REXXFP.SRCLIB, moved to SRCLIB/IPLDATE
2025-04-04 07:54:42.340395 - Found LEAPYEAR.txt (text/plain) in TZNICO.REXXFP.SRCLIB, moved to SRCLIB/LEAPYEAR
2025-04-04 07:54:42.340523 - Found LISTDD.txt (text/plain) in TZNICO.REXXFP.SRCLIB, moved to SRCLIB/LISTDD
2025-04-04 07:54:42.340675 - Found LISTJF.txt (text/plain) in TZNICO.REXXFP.SRCLIB, moved to SRCLIB/LISTJF
2025-04-04 07:54:42.340801 - Found LISTLINK.txt (text/plain) in TZNICO.REXXFP.SRCLIB, moved to SRCLIB/LISTLINK
2025-04-04 07:54:42.340942 - Found MALLOC.txt (text/plain) in TZNICO.REXXFP.SRCLIB, moved to SRCLIB/MALLOC
2025-04-04 07:54:42.341065 - Found MEMBERS.txt (text/plain) in TZNICO.REXXFP.SRCLIB, moved to SRCLIB/MEMBERS
2025-04-04 07:54:42.341183 - Found MFREE.txt (text/plain) in TZNICO.REXXFP.SRCLIB, moved to SRCLIB/MFREE
2025-04-04 07:54:42.341312 - Found MLWTO.txt (text/plain) in TZNICO.REXXFP.SRCLIB, moved to SRCLIB/MLWTO
2025-04-04 07:54:42.341430 - Found MODLOAD.txt (text/plain) in TZNICO.REXXFP.SRCLIB, moved to SRCLIB/MODLOAD
2025-04-04 07:54:42.341546 - Found PERCENT.txt (text/plain) in TZNICO.REXXFP.SRCLIB, moved to SRCLIB/PERCENT
2025-04-04 07:54:42.341667 - Found P2D.txt (text/plain) in TZNICO.REXXFP.SRCLIB, moved to SRCLIB/P2D
2025-04-04 07:54:42.341791 - Found RACHECK.txt (text/plain) in TZNICO.REXXFP.SRCLIB, moved to SRCLIB/RACHECK
2025-04-04 07:54:42.341906 - Found RESOLVE.txt (text/plain) in TZNICO.REXXFP.SRCLIB, moved to SRCLIB/RESOLVE
2025-04-04 07:54:42.342024 - Found REXXFP.txt (text/plain) in TZNICO.REXXFP.SRCLIB, moved to SRCLIB/REXXFP
2025-04-04 07:54:42.342164 - Found REXXFP10.txt (text/plain) in TZNICO.REXXFP.SRCLIB, moved to SRCLIB/REXXFP10
2025-04-04 07:54:42.342287 - Found REXXHC.txt (text/plain) in TZNICO.REXXFP.SRCLIB, moved to SRCLIB/REXXHC
2025-04-04 07:54:42.342410 - Found SAYSTAK.txt (text/plain) in TZNICO.REXXFP.SRCLIB, moved to SRCLIB/SAYSTAK
2025-04-04 07:54:42.342517 - Found SCANLOAD.txt (text/plain) in TZNICO.REXXFP.SRCLIB, moved to SRCLIB/SCANLOAD
2025-04-04 07:54:42.342626 - Found SIZEOF.txt (text/plain) in TZNICO.REXXFP.SRCLIB, moved to SRCLIB/SIZEOF
2025-04-04 07:54:42.342761 - Found SLEEP.txt (text/plain) in TZNICO.REXXFP.SRCLIB, moved to SRCLIB/SLEEP
2025-04-04 07:54:42.342874 - Found SNAP.txt (text/plain) in TZNICO.REXXFP.SRCLIB, moved to SRCLIB/SNAP
2025-04-04 07:54:42.343012 - Found SNAP0000.txt (text/plain) in TZNICO.REXXFP.SRCLIB, moved to SRCLIB/SNAP0000
2025-04-04 07:54:42.343127 - Found SNAP0001.txt (text/plain) in TZNICO.REXXFP.SRCLIB, moved to SRCLIB/SNAP0001
2025-04-04 07:54:42.343250 - Found SNAP0002.txt (text/plain) in TZNICO.REXXFP.SRCLIB, moved to SRCLIB/SNAP0002
2025-04-04 07:54:42.343381 - Found SNAP0003.txt (text/plain) in TZNICO.REXXFP.SRCLIB, moved to SRCLIB/SNAP0003
2025-04-04 07:54:42.343494 - Found SNAP0004.txt (text/plain) in TZNICO.REXXFP.SRCLIB, moved to SRCLIB/SNAP0004
2025-04-04 07:54:42.343608 - Found SORTSTAK.txt (text/plain) in TZNICO.REXXFP.SRCLIB, moved to SRCLIB/SORTSTAK
2025-04-04 07:54:42.343723 - Found SORTSTK0.txt (text/plain) in TZNICO.REXXFP.SRCLIB, moved to SRCLIB/SORTSTK0
2025-04-04 07:54:42.343845 - Found SORTSTK1.txt (text/plain) in TZNICO.REXXFP.SRCLIB, moved to SRCLIB/SORTSTK1
2025-04-04 07:54:42.343971 - Found SORTSTK2.txt (text/plain) in TZNICO.REXXFP.SRCLIB, moved to SRCLIB/SORTSTK2
2025-04-04 07:54:42.344087 - Found SPRINT.txt (text/plain) in TZNICO.REXXFP.SRCLIB, moved to SRCLIB/SPRINT
2025-04-04 07:54:42.344209 - Found TASKS.txt (text/plain) in TZNICO.REXXFP.SRCLIB, moved to SRCLIB/TASKS
2025-04-04 07:54:42.344330 - Found TM.txt (text/plain) in TZNICO.REXXFP.SRCLIB, moved to SRCLIB/TM
2025-04-04 07:54:42.344446 - Found TOD.txt (text/plain) in TZNICO.REXXFP.SRCLIB, moved to SRCLIB/TOD
2025-04-04 07:54:42.344563 - Found TODDAY.txt (text/plain) in TZNICO.REXXFP.SRCLIB, moved to SRCLIB/TODDAY
2025-04-04 07:54:42.344679 - Found TODDIF.txt (text/plain) in TZNICO.REXXFP.SRCLIB, moved to SRCLIB/TODDIF
2025-04-04 07:54:42.344788 - Found TODOFF.txt (text/plain) in TZNICO.REXXFP.SRCLIB, moved to SRCLIB/TODOFF
2025-04-04 07:54:42.344924 - Found TOD2GRG.txt (text/plain) in TZNICO.REXXFP.SRCLIB, moved to SRCLIB/TOD2GRG
2025-04-04 07:54:42.345057 - Found UNITS.txt (text/plain) in TZNICO.REXXFP.SRCLIB, moved to SRCLIB/UNITS
2025-04-04 07:54:42.345176 - Found UNZIP.txt (text/plain) in TZNICO.REXXFP.SRCLIB, moved to SRCLIB/UNZIP
2025-04-04 07:54:42.345294 - Found VERLIST.txt (text/plain) in TZNICO.REXXFP.SRCLIB, moved to SRCLIB/VERLIST
2025-04-04 07:54:42.345409 - Found WHOAMI.txt (text/plain) in TZNICO.REXXFP.SRCLIB, moved to SRCLIB/WHOAMI
2025-04-04 07:54:42.345530 - Found XLATEUM.txt (text/plain) in TZNICO.REXXFP.SRCLIB, moved to SRCLIB/XLATEUM
2025-04-04 07:54:42.345648 - Found ZIP.txt (text/plain) in TZNICO.REXXFP.SRCLIB, moved to SRCLIB/ZIP
